Base path: 'C:/Program Files/Unity/Hub/Editor/2019.2.21f1/Editor/Data', plugins path 'C:/Program Files/Unity/Hub/Editor/2019.2.21f1/Editor/Data/PlaybackEngines'
Cmd: initializeCompiler
Cmd: compileComputeKernel
  error: 1 plat 4 at Lit/Lit.hlsl(104): 'CLEAR_COAT_ROUGHNESS' : macro redefinition
  error: 2 plat 4 at Packages/com.unity.render-pipelines.high-definition/Runtime/Debug/DebugDisplay.hlsl(231): undeclared identifier 'IsNan'
  api=4 insize=13661 outsize=0 ok=0
Cmd: compileComputeKernel
  error: 1 plat 4 at Lit/Lit.hlsl(104): 'CLEAR_COAT_ROUGHNESS' : macro redefinition
  error: 2 plat 4 at Packages/com.unity.render-pipelines.high-definition/Runtime/Debug/DebugDisplay.hlsl(231): undeclared identifier 'IsNan'
  api=4 insize=13661 outsize=0 ok=0
Cmd: compileComputeKernel
  error: 1 plat 4 at Lit/Lit.hlsl(104): 'CLEAR_COAT_ROUGHNESS' : macro redefinition
  error: 2 plat 4 at Packages/com.unity.render-pipelines.high-definition/Runtime/Debug/DebugDisplay.hlsl(231): undeclared identifier 'IsNan'
  api=4 insize=13661 outsize=0 ok=0
Cmd: compileComputeKernel
  error: 1 plat 4 at Lit/Lit.hlsl(104): 'CLEAR_COAT_ROUGHNESS' : macro redefinition
  error: 2 plat 4 at Packages/com.unity.render-pipelines.high-definition/Runtime/Debug/DebugDisplay.hlsl(231): undeclared identifier 'IsNan'
  api=4 insize=13661 outsize=0 ok=0
Cmd: compileComputeKernel
  error: 1 plat 4 at Lit/Lit.hlsl(104): 'CLEAR_COAT_ROUGHNESS' : macro redefinition
  error: 2 plat 4 at Packages/com.unity.render-pipelines.high-definition/Runtime/Debug/DebugDisplay.hlsl(231): undeclared identifier 'IsNan'
  api=4 insize=13661 outsize=0 ok=0
Cmd: compileComputeKernel
  error: 1 plat 4 at Lit/Lit.hlsl(104): 'CLEAR_COAT_ROUGHNESS' : macro redefinition
  error: 2 plat 4 at Packages/com.unity.render-pipelines.high-definition/Runtime/Debug/DebugDisplay.hlsl(231): undeclared identifier 'IsNan'
  api=4 insize=13661 outsize=0 ok=0
Cmd: compileComputeKernel
  error: 1 plat 4 at Lit/Lit.hlsl(104): 'CLEAR_COAT_ROUGHNESS' : macro redefinition
  error: 2 plat 4 at Packages/com.unity.render-pipelines.high-definition/Runtime/Debug/DebugDisplay.hlsl(231): undeclared identifier 'IsNan'
  api=4 insize=13661 outsize=0 ok=0
Cmd: compileComputeKernel
  error: 1 plat 4 at Lit/Lit.hlsl(104): 'CLEAR_COAT_ROUGHNESS' : macro redefinition
  error: 2 plat 4 at Packages/com.unity.render-pipelines.high-definition/Runtime/Debug/DebugDisplay.hlsl(231): undeclared identifier 'IsNan'
  api=4 insize=13661 outsize=0 ok=0
Cmd: compileComputeKernel
  error: 1 plat 4 at Lit/Lit.hlsl(104): 'CLEAR_COAT_ROUGHNESS' : macro redefinition
  error: 2 plat 4 at Packages/com.unity.render-pipelines.high-definition/Runtime/Debug/DebugDisplay.hlsl(231): undeclared identifier 'IsNan'
  api=4 insize=13661 outsize=0 ok=0
Cmd: compileComputeKernel
  error: 1 plat 4 at Lit/Lit.hlsl(104): 'CLEAR_COAT_ROUGHNESS' : macro redefinition
  error: 2 plat 4 at Packages/com.unity.render-pipelines.high-definition/Runtime/Debug/DebugDisplay.hlsl(231): undeclared identifier 'IsNan'
  api=4 insize=13661 outsize=0 ok=0
Cmd: compileComputeKernel
  error: 1 plat 4 at Lit/Lit.hlsl(104): 'CLEAR_COAT_ROUGHNESS' : macro redefinition
  error: 2 plat 4 at Packages/com.unity.render-pipelines.high-definition/Runtime/Debug/DebugDisplay.hlsl(231): undeclared identifier 'IsNan'
  api=4 insize=13661 outsize=0 ok=0
Cmd: compileComputeKernel
  error: 1 plat 4 at Lit/Lit.hlsl(104): 'CLEAR_COAT_ROUGHNESS' : macro redefinition
  error: 2 plat 4 at Packages/com.unity.render-pipelines.high-definition/Runtime/Debug/DebugDisplay.hlsl(231): undeclared identifier 'IsNan'
  api=4 insize=13661 outsize=0 ok=0
Cmd: compileComputeKernel
  api=4 insize=26681 outsize=14181 ok=1
Cmd: compileComputeKernel
  api=4 insize=26681 outsize=15759 ok=1
Cmd: compileComputeKernel
  api=4 insize=26681 outsize=15943 ok=1
Cmd: compileComputeKernel
  api=4 insize=1226 outsize=772 ok=1
Cmd: compileComputeKernel
  api=4 insize=2863 outsize=48128 ok=1
Cmd: compileComputeKernel
  api=4 insize=11176 outsize=9684 ok=1
Cmd: compileComputeKernel
  error: 2 plat 4 at Packages/com.unity.render-pipelines.high-definition/Runtime/Lighting/VolumetricLighting/VBuffer.hlsl(15): unrecognized identifier 'VBuffer'
  api=4 insize=8005 outsize=0 ok=0
Cmd: compileComputeKernel
  api=4 insize=5022 outsize=5372 ok=1
Cmd: compileComputeKernel
  api=4 insize=6353 outsize=1322 ok=1
Cmd: compileComputeKernel
  api=4 insize=18731 outsize=8653 ok=1
Cmd: compileComputeKernel
  api=4 insize=18731 outsize=8873 ok=1
Cmd: compileComputeKernel
  api=4 insize=18731 outsize=10507 ok=1
Cmd: compileComputeKernel
  api=4 insize=19063 outsize=14182 ok=1
Cmd: compileComputeKernel
  api=4 insize=19063 outsize=14830 ok=1
Cmd: compileComputeKernel
  api=4 insize=21751 outsize=21741 ok=1
Cmd: compileComputeKernel
  error: 2 plat 4 at SubsurfaceScattering.compute(84): undeclared identifier 'Mad24Int'
  api=4 insize=20370 outsize=0 ok=0
Cmd: compileComputeKernel
  error: 2 plat 4 at Packages/com.unity.render-pipelines.high-definition/Runtime/Lighting/VolumetricLighting/VBuffer.hlsl(15): unrecognized identifier 'VBuffer'
  api=4 insize=36517 outsize=0 ok=0
Cmd: compileComputeKernel
  error: 2 plat 4 at Packages/com.unity.render-pipelines.high-definition/Runtime/Lighting/VolumetricLighting/VBuffer.hlsl(15): unrecognized identifier 'VBuffer'
  api=4 insize=36517 outsize=0 ok=0
Cmd: compileComputeKernel
  error: 2 plat 4 at Packages/com.unity.render-pipelines.high-definition/Runtime/Lighting/VolumetricLighting/VBuffer.hlsl(15): unrecognized identifier 'VBuffer'
  api=4 insize=17323 outsize=0 ok=0
Cmd: compileComputeKernel
  api=4 insize=14079 outsize=2202 ok=1
Cmd: compileComputeKernel
  api=4 insize=2120 outsize=1005 ok=1
Cmd: compileComputeKernel
  api=4 insize=3506 outsize=1663 ok=1
Cmd: compileComputeKernel
  api=4 insize=16866 outsize=5108 ok=1
Cmd: compileComputeKernel
  api=4 insize=16866 outsize=6501 ok=1
Cmd: compileComputeKernel
  api=4 insize=16866 outsize=5611 ok=1
Cmd: compileComputeKernel
  api=4 insize=16866 outsize=7004 ok=1
Cmd: compileComputeKernel
  api=4 insize=16866 outsize=7020 ok=1
Cmd: compileComputeKernel
  api=4 insize=16866 outsize=8989 ok=1
Cmd: compileComputeKernel
  api=4 insize=16866 outsize=7328 ok=1
Cmd: compileComputeKernel
  api=4 insize=16866 outsize=8769 ok=1
Cmd: compileComputeKernel
  api=4 insize=16866 outsize=6177 ok=1
Cmd: compileComputeKernel
  api=4 insize=16866 outsize=6873 ok=1
Cmd: compileComputeKernel
  api=4 insize=16866 outsize=7954 ok=1
Cmd: compileComputeKernel
  api=4 insize=16866 outsize=7064 ok=1
Cmd: compileComputeKernel
  api=4 insize=16866 outsize=8457 ok=1
Cmd: compileComputeKernel
  api=4 insize=16866 outsize=8493 ok=1
Cmd: compileComputeKernel
  api=4 insize=16866 outsize=10462 ok=1
Cmd: compileComputeKernel
  api=4 insize=16866 outsize=8801 ok=1
Cmd: compileComputeKernel
  api=4 insize=16866 outsize=10242 ok=1
Cmd: compileSnippet
  api=4 type=0 insize=731 outsize=858 kw= pd=UNITY_ENABLE_REFLECTION_BUFFERS UNITY_USE_DITHER_MASK_FOR_ALPHABLENDED_SHADOWS UNITY_PBS_USE_BRDF1 UNITY_SPECCUBE_BOX_PROJECTION UNITY_SPECCUBE_BLENDING UNITY_ENABLE_DETAIL_NORMALMAP SHADER_API_DESKTOP UNITY_LIGHT_PROBE_PROXY_VOLUME UNITY_LIGHTMAP_FULL_HDR ok=1
Cmd: compileSnippet
  api=4 type=0 insize=2355 outsize=1186 kw=SOFTPARTICLES_ON pd=UNITY_ENABLE_REFLECTION_BUFFERS UNITY_USE_DITHER_MASK_FOR_ALPHABLENDED_SHADOWS UNITY_PBS_USE_BRDF1 UNITY_SPECCUBE_BOX_PROJECTION UNITY_SPECCUBE_BLENDING UNITY_ENABLE_DETAIL_NORMALMAP SHADER_API_DESKTOP UNITY_LIGHT_PROBE_PROXY_VOLUME UNITY_LIGHTMAP_FULL_HDR ok=1
